

Microchip Technology PIC18 LITE Macro Assembler V1.41 build -162212810 
                                                                                               Fri Jan 05 12:00:59 2018

Microchip Technology Omniscient Code Generator v1.41 (Free mode) build 201701250102
     1                           	processor	18F45K22
     2                           	fnconf	rparam,??,?,0
     3                           	opt	pw 120
     4                           	opt	lm
     5                           	psect	idataBIGRAM,global,class=CODE,delta=1,noexec
     6                           	psect	cinit,global,reloc=2,class=CODE,delta=1
     7                           	psect	dataBIGRAM,global,class=BIGRAM,space=1,delta=1,lowdata,noexec
     8                           	psect	cstackCOMRAM,global,class=COMRAM,space=1,delta=1,noexec
     9                           	psect	text0,global,reloc=2,class=CODE,delta=1
    10                           	psect	text1,global,reloc=2,class=CODE,delta=1
    11                           	psect	text2,global,reloc=2,class=CODE,delta=1
    12                           	psect	intsave_regs,global,class=BIGRAM,space=1,delta=1,noexec
    13                           	psect	rparam,global,class=COMRAM,space=1,delta=1,noexec
    14  0000                     
    15                           ; Version 1.41
    16                           ; Generated 25/01/2017 GMT
    17                           ; 
    18                           ; Copyright © 2017, Microchip Technology Inc. and its subsidiaries ("Microchip")
    19                           ; All rights reserved.
    20                           ; 
    21                           ; This software is developed by Microchip Technology Inc. and its subsidiaries ("Microch
      +                          ip").
    22                           ; 
    23                           ; Redistribution and use in source and binary forms, with or without modification, are
    24                           ; permitted provided that the following conditions are met:
    25                           ; 
    26                           ;     1. Redistributions of source code must retain the above copyright notice, this lis
      +                          t of
    27                           ;        conditions and the following disclaimer.
    28                           ; 
    29                           ;     2. Redistributions in binary form must reproduce the above copyright notice, this 
      +                          list
    30                           ;        of conditions and the following disclaimer in the documentation and/or other
    31                           ;        materials provided with the distribution.
    32                           ; 
    33                           ;     3. Microchip's name may not be used to endorse or promote products derived from th
      +                          is
    34                           ;        software without specific prior written permission.
    35                           ; 
    36                           ; THIS SOFTWARE IS PROVIDED BY MICROCHIP "AS IS" AND ANY EXPRESS OR IMPLIED WARRANTIES,
    37                           ; INCLUDING, BUT NOT LIMITED TO, THE IMPLIED WARRANTIES OF MERCHANTABILITY AND FITNESS F
      +                          OR
    38                           ; PURPOSE ARE DISCLAIMED.  IN NO EVENT SHALL MICROCHIP BE LIABLE FOR ANY DIRECT, INDIREC
      +                          T,
    39                           ; INCIDENTAL, SPECIAL, EXEMPLARY, OR CONSEQUENTIAL DAMAGES (INCLUDING BUT NOT LIMITED TO
    40                           ; PROCUREMENT OF SUBSTITUTE GOODS OR SERVICES; LOSS OF USE, DATA OR PROFITS; OR BUSINESS
    41                           ; INTERRUPTION) HOWSOEVER CAUSED AND ON ANY THEORY OF LIABILITY, WHETHER IN CONTRACT, ST
      +                          RICT
    42                           ; LIABILITY, OR TORT (INCLUDING NEGLIGENCE OR OTHERWISE) ARISING IN ANY WAY OUT OF THE U
      +                          SE OF
    43                           ; THIS SOFTWARE, EVEN IF ADVISED OF THE POSSIBILITY OF SUCH DAMAGE.
    44                           ; 
    45                           ; 
    46                           ; Code-generator required, PIC18F45K22 Definitions
    47                           ; 
    48                           ; SFR Addresses
    49  0000                     
    50                           	psect	idataBIGRAM
    51  007C00                     __pidataBIGRAM:
    52                           	opt stack 0
    53                           
    54                           ;initializer for _a
    55  007C00  00                 	db	0
    56  007C01  00                 	db	0
    57  007C02  00                 	db	0
    58  007C03  00                 	db	0
    59  007C04  00                 	db	0
    60  007C05  00                 	db	0
    61  007C06  00                 	db	0
    62  007C07  00                 	db	0
    63  007C08  00                 	db	0
    64  007C09  00                 	db	0
    65  007C0A  80                 	db	128
    66  007C0B  C0                 	db	192
    67  007C0C  C0                 	db	192
    68  007C0D  C0                 	db	192
    69  007C0E  C0                 	db	192
    70  007C0F  C0                 	db	192
    71  007C10  C0                 	db	192
    72  007C11  00                 	db	0
    73  007C12  C0                 	db	192
    74  007C13  C0                 	db	192
    75  007C14  C0                 	db	192
    76  007C15  00                 	db	0
    77  007C16  00                 	db	0
    78  007C17  00                 	db	0
    79  007C18  00                 	db	0
    80  007C19  00                 	db	0
    81  007C1A  00                 	db	0
    82  007C1B  00                 	db	0
    83  007C1C  80                 	db	128
    84  007C1D  C0                 	db	192
    85  007C1E  C0                 	db	192
    86  007C1F  C0                 	db	192
    87  007C20  C0                 	db	192
    88  007C21  80                 	db	128
    89  007C22  00                 	db	0
    90  007C23  C0                 	db	192
    91  007C24  C0                 	db	192
    92  007C25  C0                 	db	192
    93  007C26  C0                 	db	192
    94  007C27  C0                 	db	192
    95  007C28  C0                 	db	192
    96  007C29  C0                 	db	192
    97  007C2A  80                 	db	128
    98  007C2B  00                 	db	0
    99  007C2C  00                 	db	0
   100  007C2D  00                 	db	0
   101  007C2E  00                 	db	0
   102  007C2F  00                 	db	0
   103  007C30  00                 	db	0
   104  007C31  00                 	db	0
   105  007C32  C0                 	db	192
   106  007C33  C0                 	db	192
   107  007C34  C0                 	db	192
   108  007C35  00                 	db	0
   109  007C36  00                 	db	0
   110  007C37  C0                 	db	192
   111  007C38  C0                 	db	192
   112  007C39  C0                 	db	192
   113  007C3A  C0                 	db	192
   114  007C3B  00                 	db	0
   115  007C3C  00                 	db	0
   116  007C3D  80                 	db	128
   117  007C3E  C0                 	db	192
   118  007C3F  C0                 	db	192
   119  007C40  C0                 	db	192
   120  007C41  C0                 	db	192
   121  007C42  C0                 	db	192
   122  007C43  00                 	db	0
   123  007C44  00                 	db	0
   124  007C45  00                 	db	0
   125  007C46  80                 	db	128
   126  007C47  C0                 	db	192
   127  007C48  C0                 	db	192
   128  007C49  C0                 	db	192
   129  007C4A  C0                 	db	192
   130  007C4B  80                 	db	128
   131  007C4C  00                 	db	0
   132  007C4D  00                 	db	0
   133  007C4E  00                 	db	0
   134  007C4F  00                 	db	0
   135  007C50  00                 	db	0
   136  007C51  80                 	db	128
   137  007C52  80                 	db	128
   138  007C53  C0                 	db	192
   139  007C54  00                 	db	0
   140  007C55  00                 	db	0
   141  007C56  00                 	db	0
   142  007C57  00                 	db	0
   143  007C58  80                 	db	128
   144  007C59  C0                 	db	192
   145  007C5A  C0                 	db	192
   146  007C5B  C0                 	db	192
   147  007C5C  C0                 	db	192
   148  007C5D  80                 	db	128
   149  007C5E  00                 	db	0
   150  007C5F  00                 	db	0
   151  007C60  00                 	db	0
   152  007C61  80                 	db	128
   153  007C62  C0                 	db	192
   154  007C63  C0                 	db	192
   155  007C64  C0                 	db	192
   156  007C65  C0                 	db	192
   157  007C66  C0                 	db	192
   158  007C67  80                 	db	128
   159  007C68  00                 	db	0
   160  007C69  00                 	db	0
   161  007C6A  00                 	db	0
   162  007C6B  00                 	db	0
   163  007C6C  00                 	db	0
   164  007C6D  00                 	db	0
   165  007C6E  00                 	db	0
   166  007C6F  00                 	db	0
   167  007C70  00                 	db	0
   168  007C71  00                 	db	0
   169  007C72  00                 	db	0
   170  007C73  00                 	db	0
   171  007C74  00                 	db	0
   172  007C75  00                 	db	0
   173  007C76  00                 	db	0
   174  007C77  00                 	db	0
   175  007C78  00                 	db	0
   176  007C79  00                 	db	0
   177  007C7A  00                 	db	0
   178  007C7B  00                 	db	0
   179  007C7C  00                 	db	0
   180  007C7D  00                 	db	0
   181  007C7E  00                 	db	0
   182  007C7F  00                 	db	0
   183  007C80  00                 	db	0
   184  007C81  00                 	db	0
   185  007C82  00                 	db	0
   186  007C83  00                 	db	0
   187  007C84  00                 	db	0
   188  007C85  00                 	db	0
   189  007C86  00                 	db	0
   190  007C87  00                 	db	0
   191  007C88  3E                 	db	62
   192  007C89  7F                 	db	127
   193  007C8A  FF                 	db	255
   194  007C8B  F7                 	db	247
   195  007C8C  C1                 	db	193
   196  007C8D  D9                 	db	217
   197  007C8E  FD                 	db	253
   198  007C8F  FD                 	db	253
   199  007C90  FC                 	db	252
   200  007C91  FC                 	db	252
   201  007C92  FF                 	db	255
   202  007C93  FF                 	db	255
   203  007C94  FF                 	db	255
   204  007C95  E0                 	db	224
   205  007C96  C0                 	db	192
   206  007C97  C0                 	db	192
   207  007C98  C0                 	db	192
   208  007C99  00                 	db	0
   209  007C9A  3E                 	db	62
   210  007C9B  7F                 	db	127
   211  007C9C  FF                 	db	255
   212  007C9D  F7                 	db	247
   213  007C9E  C1                 	db	193
   214  007C9F  C1                 	db	193
   215  007CA0  C1                 	db	193
   216  007CA1  C1                 	db	193
   217  007CA2  00                 	db	0
   218  007CA3  FF                 	db	255
   219  007CA4  FF                 	db	255
   220  007CA5  FF                 	db	255
   221  007CA6  E3                 	db	227
   222  007CA7  C1                 	db	193
   223  007CA8  E3                 	db	227
   224  007CA9  FF                 	db	255
   225  007CAA  FF                 	db	255
   226  007CAB  7F                 	db	127
   227  007CAC  1C                 	db	28
   228  007CAD  00                 	db	0
   229  007CAE  00                 	db	0
   230  007CAF  00                 	db	0
   231  007CB0  00                 	db	0
   232  007CB1  00                 	db	0
   233  007CB2  FF                 	db	255
   234  007CB3  FF                 	db	255
   235  007CB4  FF                 	db	255
   236  007CB5  1E                 	db	30
   237  007CB6  3F                 	db	63
   238  007CB7  FF                 	db	255
   239  007CB8  FF                 	db	255
   240  007CB9  F3                 	db	243
   241  007CBA  80                 	db	128
   242  007CBB  00                 	db	0
   243  007CBC  C7                 	db	199
   244  007CBD  CF                 	db	207
   245  007CBE  CF                 	db	207
   246  007CBF  DF                 	db	223
   247  007CC0  FD                 	db	253
   248  007CC1  F9                 	db	249
   249  007CC2  F9                 	db	249
   250  007CC3  70                 	db	112
   251  007CC4  00                 	db	0
   252  007CC5  7F                 	db	127
   253  007CC6  FF                 	db	255
   254  007CC7  FF                 	db	255
   255  007CC8  C3                 	db	195
   256  007CC9  C1                 	db	193
   257  007CCA  FF                 	db	255
   258  007CCB  FF                 	db	255
   259  007CCC  7F                 	db	127
   260  007CCD  00                 	db	0
   261  007CCE  02                 	db	2
   262  007CCF  07                 	db	7
   263  007CD0  07                 	db	7
   264  007CD1  FF                 	db	255
   265  007CD2  FF                 	db	255
   266  007CD3  FF                 	db	255
   267  007CD4  00                 	db	0
   268  007CD5  00                 	db	0
   269  007CD6  00                 	db	0
   270  007CD7  7F                 	db	127
   271  007CD8  FF                 	db	255
   272  007CD9  FF                 	db	255
   273  007CDA  C3                 	db	195
   274  007CDB  C1                 	db	193
   275  007CDC  FF                 	db	255
   276  007CDD  FF                 	db	255
   277  007CDE  7F                 	db	127
   278  007CDF  00                 	db	0
   279  007CE0  F3                 	db	243
   280  007CE1  FF                 	db	255
   281  007CE2  FF                 	db	255
   282  007CE3  DD                 	db	221
   283  007CE4  DD                 	db	221
   284  007CE5  FF                 	db	255
   285  007CE6  FF                 	db	255
   286  007CE7  F3                 	db	243
   287  007CE8  00                 	db	0
   288  007CE9  00                 	db	0
   289  007CEA  00                 	db	0
   290  007CEB  00                 	db	0
   291  007CEC  00                 	db	0
   292  007CED  00                 	db	0
   293  007CEE  00                 	db	0
   294  007CEF  00                 	db	0
   295  007CF0  00                 	db	0
   296  007CF1  00                 	db	0
   297  007CF2  00                 	db	0
   298  007CF3  00                 	db	0
   299  007CF4  00                 	db	0
   300  007CF5  00                 	db	0
   301  007CF6  00                 	db	0
   302  007CF7  00                 	db	0
   303  007CF8  00                 	db	0
   304  007CF9  00                 	db	0
   305  007CFA  00                 	db	0
   306  007CFB  00                 	db	0
   307  007CFC  00                 	db	0
   308  007CFD  00                 	db	0
   309  007CFE  00                 	db	0
   310  007CFF  00                 	db	0
   311  007D00  00                 	db	0
   312  007D01  00                 	db	0
   313  007D02  00                 	db	0
   314  007D03  00                 	db	0
   315  007D04  00                 	db	0
   316  007D05  00                 	db	0
   317  007D06  00                 	db	0
   318  007D07  00                 	db	0
   319  007D08  00                 	db	0
   320  007D09  00                 	db	0
   321  007D0A  00                 	db	0
   322  007D0B  01                 	db	1
   323  007D0C  01                 	db	1
   324  007D0D  01                 	db	1
   325  007D0E  01                 	db	1
   326  007D0F  01                 	db	1
   327  007D10  01                 	db	1
   328  007D11  00                 	db	0
   329  007D12  01                 	db	1
   330  007D13  01                 	db	1
   331  007D14  01                 	db	1
   332  007D15  01                 	db	1
   333  007D16  01                 	db	1
   334  007D17  01                 	db	1
   335  007D18  01                 	db	1
   336  007D19  00                 	db	0
   337  007D1A  00                 	db	0
   338  007D1B  00                 	db	0
   339  007D1C  00                 	db	0
   340  007D1D  01                 	db	1
   341  007D1E  01                 	db	1
   342  007D1F  01                 	db	1
   343  007D20  01                 	db	1
   344  007D21  01                 	db	1
   345  007D22  00                 	db	0
   346  007D23  01                 	db	1
   347  007D24  01                 	db	1
   348  007D25  01                 	db	1
   349  007D26  01                 	db	1
   350  007D27  01                 	db	1
   351  007D28  01                 	db	1
   352  007D29  01                 	db	1
   353  007D2A  00                 	db	0
   354  007D2B  00                 	db	0
   355  007D2C  00                 	db	0
   356  007D2D  00                 	db	0
   357  007D2E  00                 	db	0
   358  007D2F  00                 	db	0
   359  007D30  00                 	db	0
   360  007D31  00                 	db	0
   361  007D32  01                 	db	1
   362  007D33  01                 	db	1
   363  007D34  01                 	db	1
   364  007D35  00                 	db	0
   365  007D36  00                 	db	0
   366  007D37  01                 	db	1
   367  007D38  01                 	db	1
   368  007D39  01                 	db	1
   369  007D3A  01                 	db	1
   370  007D3B  00                 	db	0
   371  007D3C  01                 	db	1
   372  007D3D  01                 	db	1
   373  007D3E  01                 	db	1
   374  007D3F  01                 	db	1
   375  007D40  01                 	db	1
   376  007D41  01                 	db	1
   377  007D42  00                 	db	0
   378  007D43  00                 	db	0
   379  007D44  00                 	db	0
   380  007D45  00                 	db	0
   381  007D46  00                 	db	0
   382  007D47  01                 	db	1
   383  007D48  01                 	db	1
   384  007D49  01                 	db	1
   385  007D4A  01                 	db	1
   386  007D4B  00                 	db	0
   387  007D4C  00                 	db	0
   388  007D4D  00                 	db	0
   389  007D4E  00                 	db	0
   390  007D4F  00                 	db	0
   391  007D50  00                 	db	0
   392  007D51  01                 	db	1
   393  007D52  01                 	db	1
   394  007D53  01                 	db	1
   395  007D54  00                 	db	0
   396  007D55  00                 	db	0
   397  007D56  00                 	db	0
   398  007D57  00                 	db	0
   399  007D58  00                 	db	0
   400  007D59  01                 	db	1
   401  007D5A  01                 	db	1
   402  007D5B  01                 	db	1
   403  007D5C  01                 	db	1
   404  007D5D  00                 	db	0
   405  007D5E  00                 	db	0
   406  007D5F  00                 	db	0
   407  007D60  00                 	db	0
   408  007D61  01                 	db	1
   409  007D62  01                 	db	1
   410  007D63  01                 	db	1
   411  007D64  01                 	db	1
   412  007D65  01                 	db	1
   413  007D66  01                 	db	1
   414  007D67  00                 	db	0
   415  007D68  00                 	db	0
   416  007D69  00                 	db	0
   417  007D6A  00                 	db	0
   418  007D6B  00                 	db	0
   419  007D6C  00                 	db	0
   420  007D6D  00                 	db	0
   421  007D6E  00                 	db	0
   422  007D6F  00                 	db	0
   423  007D70  00                 	db	0
   424  007D71  00                 	db	0
   425  007D72  00                 	db	0
   426  007D73  00                 	db	0
   427  007D74  00                 	db	0
   428  007D75  00                 	db	0
   429  007D76  00                 	db	0
   430  007D77  00                 	db	0
   431  007D78  00                 	db	0
   432  007D79  00                 	db	0
   433  007D7A  00                 	db	0
   434  007D7B  00                 	db	0
   435  007D7C  00                 	db	0
   436  007D7D  00                 	db	0
   437  007D7E  00                 	db	0
   438  007D7F  00                 	db	0
   439  007D80  00                 	db	0
   440  007D81  00                 	db	0
   441  007D82  00                 	db	0
   442  007D83  00                 	db	0
   443  007D84  00                 	db	0
   444  007D85  00                 	db	0
   445  007D86  00                 	db	0
   446  007D87  00                 	db	0
   447  007D88  1E                 	db	30
   448  007D89  1E                 	db	30
   449  007D8A  00                 	db	0
   450  007D8B  1E                 	db	30
   451  007D8C  1E                 	db	30
   452  007D8D  00                 	db	0
   453  007D8E  FE                 	db	254
   454  007D8F  FE                 	db	254
   455  007D90  FE                 	db	254
   456  007D91  F0                 	db	240
   457  007D92  E0                 	db	224
   458  007D93  F0                 	db	240
   459  007D94  FE                 	db	254
   460  007D95  FE                 	db	254
   461  007D96  FE                 	db	254
   462  007D97  00                 	db	0
   463  007D98  C0                 	db	192
   464  007D99  E0                 	db	224
   465  007D9A  F0                 	db	240
   466  007D9B  30                 	db	48
   467  007D9C  B0                 	db	176
   468  007D9D  F0                 	db	240
   469  007D9E  F0                 	db	240
   470  007D9F  60                 	db	96
   471  007DA0  00                 	db	0
   472  007DA1  FE                 	db	254
   473  007DA2  FE                 	db	254
   474  007DA3  FE                 	db	254
   475  007DA4  00                 	db	0
   476  007DA5  00                 	db	0
   477  007DA6  FE                 	db	254
   478  007DA7  FE                 	db	254
   479  007DA8  FE                 	db	254
   480  007DA9  00                 	db	0
   481  007DAA  00                 	db	0
   482  007DAB  C0                 	db	192
   483  007DAC  E0                 	db	224
   484  007DAD  F0                 	db	240
   485  007DAE  70                 	db	112
   486  007DAF  30                 	db	48
   487  007DB0  70                 	db	112
   488  007DB1  F0                 	db	240
   489  007DB2  F0                 	db	240
   490  007DB3  E0                 	db	224
   491  007DB4  00                 	db	0
   492  007DB5  00                 	db	0
   493  007DB6  00                 	db	0
   494  007DB7  00                 	db	0
   495  007DB8  30                 	db	48
   496  007DB9  F0                 	db	240
   497  007DBA  F0                 	db	240
   498  007DBB  C0                 	db	192
   499  007DBC  C0                 	db	192
   500  007DBD  F0                 	db	240
   501  007DBE  F0                 	db	240
   502  007DBF  C0                 	db	192
   503  007DC0  C0                 	db	192
   504  007DC1  F0                 	db	240
   505  007DC2  F0                 	db	240
   506  007DC3  30                 	db	48
   507  007DC4  00                 	db	0
   508  007DC5  C0                 	db	192
   509  007DC6  E0                 	db	224
   510  007DC7  F0                 	db	240
   511  007DC8  70                 	db	112
   512  007DC9  30                 	db	48
   513  007DCA  70                 	db	112
   514  007DCB  F0                 	db	240
   515  007DCC  F0                 	db	240
   516  007DCD  E0                 	db	224
   517  007DCE  00                 	db	0
   518  007DCF  F0                 	db	240
   519  007DD0  F0                 	db	240
   520  007DD1  F0                 	db	240
   521  007DD2  70                 	db	112
   522  007DD3  30                 	db	48
   523  007DD4  00                 	db	0
   524  007DD5  FE                 	db	254
   525  007DD6  FE                 	db	254
   526  007DD7  FE                 	db	254
   527  007DD8  00                 	db	0
   528  007DD9  00                 	db	0
   529  007DDA  C0                 	db	192
   530  007DDB  F0                 	db	240
   531  007DDC  F0                 	db	240
   532  007DDD  70                 	db	112
   533  007DDE  30                 	db	48
   534  007DDF  70                 	db	112
   535  007DE0  FE                 	db	254
   536  007DE1  FE                 	db	254
   537  007DE2  FE                 	db	254
   538  007DE3  00                 	db	0
   539  007DE4  1E                 	db	30
   540  007DE5  1E                 	db	30
   541  007DE6  00                 	db	0
   542  007DE7  1E                 	db	30
   543  007DE8  1E                 	db	30
   544  007DE9  00                 	db	0
   545  007DEA  00                 	db	0
   546  007DEB  00                 	db	0
   547  007DEC  00                 	db	0
   548  007DED  00                 	db	0
   549  007DEE  00                 	db	0
   550  007DEF  00                 	db	0
   551  007DF0  00                 	db	0
   552  007DF1  00                 	db	0
   553  007DF2  00                 	db	0
   554  007DF3  00                 	db	0
   555  007DF4  00                 	db	0
   556  007DF5  00                 	db	0
   557  007DF6  00                 	db	0
   558  007DF7  00                 	db	0
   559  007DF8  00                 	db	0
   560  007DF9  00                 	db	0
   561  007DFA  00                 	db	0
   562  007DFB  00                 	db	0
   563  007DFC  00                 	db	0
   564  007DFD  00                 	db	0
   565  007DFE  00                 	db	0
   566  007DFF  00                 	db	0
   567  007E00  00                 	db	0
   568  007E01  00                 	db	0
   569  007E02  00                 	db	0
   570  007E03  00                 	db	0
   571  007E04  00                 	db	0
   572  007E05  00                 	db	0
   573  007E06  00                 	db	0
   574  007E07  00                 	db	0
   575  007E08  00                 	db	0
   576  007E09  00                 	db	0
   577  007E0A  00                 	db	0
   578  007E0B  00                 	db	0
   579  007E0C  00                 	db	0
   580  007E0D  00                 	db	0
   581  007E0E  0F                 	db	15
   582  007E0F  0F                 	db	15
   583  007E10  0F                 	db	15
   584  007E11  00                 	db	0
   585  007E12  00                 	db	0
   586  007E13  00                 	db	0
   587  007E14  0F                 	db	15
   588  007E15  0F                 	db	15
   589  007E16  0F                 	db	15
   590  007E17  00                 	db	0
   591  007E18  03                 	db	3
   592  007E19  07                 	db	7
   593  007E1A  0F                 	db	15
   594  007E1B  0F                 	db	15
   595  007E1C  0F                 	db	15
   596  007E1D  0E                 	db	14
   597  007E1E  0E                 	db	14
   598  007E1F  0C                 	db	12
   599  007E20  00                 	db	0
   600  007E21  0F                 	db	15
   601  007E22  0F                 	db	15
   602  007E23  0F                 	db	15
   603  007E24  00                 	db	0
   604  007E25  00                 	db	0
   605  007E26  0F                 	db	15
   606  007E27  0F                 	db	15
   607  007E28  0F                 	db	15
   608  007E29  00                 	db	0
   609  007E2A  00                 	db	0
   610  007E2B  03                 	db	3
   611  007E2C  07                 	db	7
   612  007E2D  0F                 	db	15
   613  007E2E  0E                 	db	14
   614  007E2F  0E                 	db	14
   615  007E30  0E                 	db	14
   616  007E31  0F                 	db	15
   617  007E32  07                 	db	7
   618  007E33  03                 	db	3
   619  007E34  00                 	db	0
   620  007E35  00                 	db	0
   621  007E36  00                 	db	0
   622  007E37  00                 	db	0
   623  007E38  00                 	db	0
   624  007E39  01                 	db	1
   625  007E3A  0F                 	db	15
   626  007E3B  0F                 	db	15
   627  007E3C  0F                 	db	15
   628  007E3D  03                 	db	3
   629  007E3E  07                 	db	7
   630  007E3F  0F                 	db	15
   631  007E40  0F                 	db	15
   632  007E41  0F                 	db	15
   633  007E42  01                 	db	1
   634  007E43  00                 	db	0
   635  007E44  00                 	db	0
   636  007E45  03                 	db	3
   637  007E46  07                 	db	7
   638  007E47  0F                 	db	15
   639  007E48  0E                 	db	14
   640  007E49  0E                 	db	14
   641  007E4A  0E                 	db	14
   642  007E4B  0F                 	db	15
   643  007E4C  07                 	db	7
   644  007E4D  03                 	db	3
   645  007E4E  00                 	db	0
   646  007E4F  0F                 	db	15
   647  007E50  0F                 	db	15
   648  007E51  0F                 	db	15
   649  007E52  00                 	db	0
   650  007E53  00                 	db	0
   651  007E54  00                 	db	0
   652  007E55  0F                 	db	15
   653  007E56  0F                 	db	15
   654  007E57  0F                 	db	15
   655  007E58  00                 	db	0
   656  007E59  00                 	db	0
   657  007E5A  03                 	db	3
   658  007E5B  07                 	db	7
   659  007E5C  0F                 	db	15
   660  007E5D  0E                 	db	14
   661  007E5E  0E                 	db	14
   662  007E5F  0E                 	db	14
   663  007E60  0F                 	db	15
   664  007E61  0F                 	db	15
   665  007E62  0F                 	db	15
   666  007E63  00                 	db	0
   667  007E64  00                 	db	0
   668  007E65  00                 	db	0
   669  007E66  00                 	db	0
   670  007E67  00                 	db	0
   671  007E68  00                 	db	0
   672  007E69  00                 	db	0
   673  007E6A  00                 	db	0
   674  007E6B  00                 	db	0
   675  007E6C  00                 	db	0
   676  007E6D  00                 	db	0
   677  007E6E  00                 	db	0
   678  007E6F  00                 	db	0
   679  007E70  00                 	db	0
   680  007E71  00                 	db	0
   681  007E72  00                 	db	0
   682  007E73  00                 	db	0
   683  007E74  00                 	db	0
   684  007E75  00                 	db	0
   685  007E76  00                 	db	0
   686  007E77  00                 	db	0
   687  007E78  00                 	db	0
   688  007E79  00                 	db	0
   689  007E7A  00                 	db	0
   690  007E7B  00                 	db	0
   691  007E7C  00                 	db	0
   692  007E7D  00                 	db	0
   693  007E7E  00                 	db	0
   694  007E7F  00                 	db	0
   695  007E80  00                 	db	0
   696  007E81  00                 	db	0
   697  007E82  00                 	db	0
   698  007E83  00                 	db	0
   699  007E84  00                 	db	0
   700  007E85  00                 	db	0
   701  007E86  00                 	db	0
   702  007E87  00                 	db	0
   703  007E88  00                 	db	0
   704  007E89  00                 	db	0
   705  007E8A  00                 	db	0
   706  007E8B  00                 	db	0
   707  007E8C  00                 	db	0
   708  007E8D  00                 	db	0
   709  007E8E  00                 	db	0
   710  007E8F  00                 	db	0
   711  007E90  00                 	db	0
   712  007E91  00                 	db	0
   713  007E92  00                 	db	0
   714  007E93  00                 	db	0
   715  007E94  00                 	db	0
   716  007E95  00                 	db	0
   717  007E96  00                 	db	0
   718  007E97  00                 	db	0
   719  007E98  00                 	db	0
   720  007E99  00                 	db	0
   721  007E9A  00                 	db	0
   722  007E9B  00                 	db	0
   723  007E9C  00                 	db	0
   724  007E9D  00                 	db	0
   725  007E9E  00                 	db	0
   726  007E9F  00                 	db	0
   727  007EA0  00                 	db	0
   728  007EA1  00                 	db	0
   729  007EA2  00                 	db	0
   730  007EA3  80                 	db	128
   731  007EA4  80                 	db	128
   732  007EA5  80                 	db	128
   733  007EA6  80                 	db	128
   734  007EA7  80                 	db	128
   735  007EA8  80                 	db	128
   736  007EA9  80                 	db	128
   737  007EAA  80                 	db	128
   738  007EAB  80                 	db	128
   739  007EAC  80                 	db	128
   740  007EAD  80                 	db	128
   741  007EAE  00                 	db	0
   742  007EAF  00                 	db	0
   743  007EB0  10                 	db	16
   744  007EB1  B8                 	db	184
   745  007EB2  F8                 	db	248
   746  007EB3  90                 	db	144
   747  007EB4  00                 	db	0
   748  007EB5  F0                 	db	240
   749  007EB6  F0                 	db	240
   750  007EB7  F0                 	db	240
   751  007EB8  00                 	db	0
   752  007EB9  80                 	db	128
   753  007EBA  80                 	db	128
   754  007EBB  80                 	db	128
   755  007EBC  80                 	db	128
   756  007EBD  00                 	db	0
   757  007EBE  80                 	db	128
   758  007EBF  80                 	db	128
   759  007EC0  80                 	db	128
   760  007EC1  80                 	db	128
   761  007EC2  80                 	db	128
   762  007EC3  00                 	db	0
   763  007EC4  00                 	db	0
   764  007EC5  00                 	db	0
   765  007EC6  80                 	db	128
   766  007EC7  80                 	db	128
   767  007EC8  80                 	db	128
   768  007EC9  80                 	db	128
   769  007ECA  80                 	db	128
   770  007ECB  80                 	db	128
   771  007ECC  00                 	db	0
   772  007ECD  00                 	db	0
   773  007ECE  F0                 	db	240
   774  007ECF  F0                 	db	240
   775  007ED0  F0                 	db	240
   776  007ED1  70                 	db	112
   777  007ED2  70                 	db	112
   778  007ED3  F0                 	db	240
   779  007ED4  E0                 	db	224
   780  007ED5  C0                 	db	192
   781  007ED6  00                 	db	0
   782  007ED7  00                 	db	0
   783  007ED8  80                 	db	128
   784  007ED9  80                 	db	128
   785  007EDA  80                 	db	128
   786  007EDB  80                 	db	128
   787  007EDC  80                 	db	128
   788  007EDD  80                 	db	128
   789  007EDE  00                 	db	0
   790  007EDF  00                 	db	0
   791  007EE0  00                 	db	0
   792  007EE1  80                 	db	128
   793  007EE2  80                 	db	128
   794  007EE3  80                 	db	128
   795  007EE4  80                 	db	128
   796  007EE5  80                 	db	128
   797  007EE6  00                 	db	0
   798  007EE7  00                 	db	0
   799  007EE8  00                 	db	0
   800  007EE9  80                 	db	128
   801  007EEA  80                 	db	128
   802  007EEB  80                 	db	128
   803  007EEC  80                 	db	128
   804  007EED  80                 	db	128
   805  007EEE  80                 	db	128
   806  007EEF  00                 	db	0
   807  007EF0  80                 	db	128
   808  007EF1  80                 	db	128
   809  007EF2  80                 	db	128
   810  007EF3  80                 	db	128
   811  007EF4  80                 	db	128
   812  007EF5  80                 	db	128
   813  007EF6  00                 	db	0
   814  007EF7  00                 	db	0
   815  007EF8  F0                 	db	240
   816  007EF9  F0                 	db	240
   817  007EFA  F0                 	db	240
   818  007EFB  00                 	db	0
   819  007EFC  00                 	db	0
   820  007EFD  00                 	db	0
   821  007EFE  00                 	db	0
   822  007EFF  00                 	db	0
   823  007F00  00                 	db	0
   824  007F01  00                 	db	0
   825  007F02  00                 	db	0
   826  007F03  00                 	db	0
   827  007F04  00                 	db	0
   828  007F05  00                 	db	0
   829  007F06  00                 	db	0
   830  007F07  00                 	db	0
   831  007F08  00                 	db	0
   832  007F09  00                 	db	0
   833  007F0A  00                 	db	0
   834  007F0B  00                 	db	0
   835  007F0C  00                 	db	0
   836  007F0D  00                 	db	0
   837  007F0E  00                 	db	0
   838  007F0F  00                 	db	0
   839  007F10  00                 	db	0
   840  007F11  00                 	db	0
   841  007F12  00                 	db	0
   842  007F13  00                 	db	0
   843  007F14  00                 	db	0
   844  007F15  00                 	db	0
   845  007F16  00                 	db	0
   846  007F17  00                 	db	0
   847  007F18  00                 	db	0
   848  007F19  00                 	db	0
   849  007F1A  00                 	db	0
   850  007F1B  00                 	db	0
   851  007F1C  00                 	db	0
   852  007F1D  00                 	db	0
   853  007F1E  00                 	db	0
   854  007F1F  00                 	db	0
   855  007F20  00                 	db	0
   856  007F21  00                 	db	0
   857  007F22  00                 	db	0
   858  007F23  7F                 	db	127
   859  007F24  7F                 	db	127
   860  007F25  7F                 	db	127
   861  007F26  03                 	db	3
   862  007F27  7F                 	db	127
   863  007F28  7F                 	db	127
   864  007F29  7F                 	db	127
   865  007F2A  03                 	db	3
   866  007F2B  03                 	db	3
   867  007F2C  7F                 	db	127
   868  007F2D  7F                 	db	127
   869  007F2E  7F                 	db	127
   870  007F2F  00                 	db	0
   871  007F30  00                 	db	0
   872  007F31  7F                 	db	127
   873  007F32  7F                 	db	127
   874  007F33  7F                 	db	127
   875  007F34  00                 	db	0
   876  007F35  7F                 	db	127
   877  007F36  7F                 	db	127
   878  007F37  7F                 	db	127
   879  007F38  0E                 	db	14
   880  007F39  3F                 	db	63
   881  007F3A  7F                 	db	127
   882  007F3B  7B                 	db	123
   883  007F3C  60                 	db	96
   884  007F3D  00                 	db	0
   885  007F3E  7F                 	db	127
   886  007F3F  7F                 	db	127
   887  007F40  7F                 	db	127
   888  007F41  03                 	db	3
   889  007F42  01                 	db	1
   890  007F43  00                 	db	0
   891  007F44  1E                 	db	30
   892  007F45  3F                 	db	63
   893  007F46  7F                 	db	127
   894  007F47  73                 	db	115
   895  007F48  71                 	db	113
   896  007F49  73                 	db	115
   897  007F4A  7F                 	db	127
   898  007F4B  3F                 	db	63
   899  007F4C  1F                 	db	31
   900  007F4D  00                 	db	0
   901  007F4E  7F                 	db	127
   902  007F4F  7F                 	db	127
   903  007F50  7F                 	db	127
   904  007F51  0E                 	db	14
   905  007F52  0E                 	db	14
   906  007F53  07                 	db	7
   907  007F54  07                 	db	7
   908  007F55  03                 	db	3
   909  007F56  00                 	db	0
   910  007F57  38                 	db	56
   911  007F58  7D                 	db	125
   912  007F59  7D                 	db	125
   913  007F5A  6D                 	db	109
   914  007F5B  6D                 	db	109
   915  007F5C  7F                 	db	127
   916  007F5D  7F                 	db	127
   917  007F5E  7F                 	db	127
   918  007F5F  00                 	db	0
   919  007F60  77                 	db	119
   920  007F61  67                 	db	103
   921  007F62  6F                 	db	111
   922  007F63  7D                 	db	125
   923  007F64  7D                 	db	125
   924  007F65  39                 	db	57
   925  007F66  00                 	db	0
   926  007F67  1E                 	db	30
   927  007F68  3F                 	db	63
   928  007F69  7F                 	db	127
   929  007F6A  73                 	db	115
   930  007F6B  71                 	db	113
   931  007F6C  73                 	db	115
   932  007F6D  71                 	db	113
   933  007F6E  00                 	db	0
   934  007F6F  38                 	db	56
   935  007F70  7D                 	db	125
   936  007F71  7D                 	db	125
   937  007F72  6D                 	db	109
   938  007F73  6D                 	db	109
   939  007F74  7F                 	db	127
   940  007F75  7F                 	db	127
   941  007F76  7F                 	db	127
   942  007F77  00                 	db	0
   943  007F78  7F                 	db	127
   944  007F79  7F                 	db	127
   945  007F7A  7F                 	db	127
   946  007F7B  00                 	db	0
   947  007F7C  00                 	db	0
   948  007F7D  00                 	db	0
   949  007F7E  00                 	db	0
   950  007F7F  00                 	db	0
   951  007F80  00                 	db	0
   952  007F81  00                 	db	0
   953  007F82  00                 	db	0
   954  007F83  00                 	db	0
   955  007F84  00                 	db	0
   956  007F85  00                 	db	0
   957  007F86  00                 	db	0
   958  007F87  00                 	db	0
   959  007F88  00                 	db	0
   960  007F89  00                 	db	0
   961  007F8A  00                 	db	0
   962  007F8B  00                 	db	0
   963  007F8C  00                 	db	0
   964  007F8D  00                 	db	0
   965  007F8E  00                 	db	0
   966  007F8F  00                 	db	0
   967  007F90  00                 	db	0
   968  007F91  00                 	db	0
   969  007F92  00                 	db	0
   970  007F93  00                 	db	0
   971  007F94  00                 	db	0
   972  007F95  00                 	db	0
   973  007F96  00                 	db	0
   974  007F97  00                 	db	0
   975  007F98  00                 	db	0
   976  007F99  00                 	db	0
   977  007F9A  00                 	db	0
   978  007F9B  00                 	db	0
   979  007F9C  00                 	db	0
   980  007F9D  00                 	db	0
   981  007F9E  00                 	db	0
   982  007F9F  00                 	db	0
   983  007FA0  00                 	db	0
   984  007FA1  00                 	db	0
   985  007FA2  00                 	db	0
   986  007FA3  00                 	db	0
   987  007FA4  00                 	db	0
   988  007FA5  00                 	db	0
   989  007FA6  00                 	db	0
   990  007FA7  00                 	db	0
   991  007FA8  00                 	db	0
   992  007FA9  00                 	db	0
   993  007FAA  00                 	db	0
   994  007FAB  00                 	db	0
   995  007FAC  00                 	db	0
   996  007FAD  00                 	db	0
   997  007FAE  00                 	db	0
   998  007FAF  00                 	db	0
   999  007FB0  00                 	db	0
  1000  007FB1  00                 	db	0
  1001  007FB2  00                 	db	0
  1002  007FB3  00                 	db	0
  1003  007FB4  00                 	db	0
  1004  007FB5  00                 	db	0
  1005  007FB6  00                 	db	0
  1006  007FB7  00                 	db	0
  1007  007FB8  00                 	db	0
  1008  007FB9  00                 	db	0
  1009  007FBA  00                 	db	0
  1010  007FBB  00                 	db	0
  1011  007FBC  00                 	db	0
  1012  007FBD  00                 	db	0
  1013  007FBE  00                 	db	0
  1014  007FBF  00                 	db	0
  1015  007FC0  00                 	db	0
  1016  007FC1  00                 	db	0
  1017  007FC2  00                 	db	0
  1018  007FC3  00                 	db	0
  1019  007FC4  00                 	db	0
  1020  007FC5  00                 	db	0
  1021  007FC6  00                 	db	0
  1022  007FC7  00                 	db	0
  1023  007FC8  00                 	db	0
  1024  007FC9  00                 	db	0
  1025  007FCA  00                 	db	0
  1026  007FCB  00                 	db	0
  1027  007FCC  00                 	db	0
  1028  007FCD  00                 	db	0
  1029  007FCE  00                 	db	0
  1030  007FCF  00                 	db	0
  1031  007FD0  00                 	db	0
  1032  007FD1  00                 	db	0
  1033  007FD2  00                 	db	0
  1034  007FD3  00                 	db	0
  1035  007FD4  00                 	db	0
  1036  007FD5  00                 	db	0
  1037  007FD6  00                 	db	0
  1038  007FD7  00                 	db	0
  1039  007FD8  00                 	db	0
  1040  007FD9  00                 	db	0
  1041  007FDA  00                 	db	0
  1042  007FDB  00                 	db	0
  1043  007FDC  00                 	db	0
  1044  007FDD  00                 	db	0
  1045  007FDE  00                 	db	0
  1046  007FDF  00                 	db	0
  1047  007FE0  00                 	db	0
  1048  007FE1  00                 	db	0
  1049  007FE2  00                 	db	0
  1050  007FE3  00                 	db	0
  1051  007FE4  00                 	db	0
  1052  007FE5  00                 	db	0
  1053  007FE6  00                 	db	0
  1054  007FE7  00                 	db	0
  1055  007FE8  00                 	db	0
  1056  007FE9  00                 	db	0
  1057  007FEA  00                 	db	0
  1058  007FEB  00                 	db	0
  1059  007FEC  00                 	db	0
  1060  007FED  00                 	db	0
  1061  007FEE  00                 	db	0
  1062  007FEF  00                 	db	0
  1063  007FF0  00                 	db	0
  1064  007FF1  00                 	db	0
  1065  007FF2  00                 	db	0
  1066  007FF3  00                 	db	0
  1067  007FF4  00                 	db	0
  1068  007FF5  00                 	db	0
  1069  007FF6  00                 	db	0
  1070  007FF7  00                 	db	0
  1071  007FF8  00                 	db	0
  1072  007FF9  00                 	db	0
  1073  007FFA  00                 	db	0
  1074  007FFB  00                 	db	0
  1075  007FFC  00                 	db	0
  1076  007FFD  00                 	db	0
  1077  007FFE  00                 	db	0
  1078  007FFF  00                 	db	0
  1079  0000                     _ANSELD	set	3899
  1080  0000                     _ANSELC	set	3898
  1081  0000                     _TRISD	set	3989
  1082  0000                     _TRISC	set	3988
  1083  0000                     _PORTDbits	set	3971
  1084  0000                     _PORTC	set	3970
  1085                           
  1086                           ; #config settings
  1087                           
  1088                           	psect	cinit
  1089  007ADC                     __pcinit:
  1090                           	opt stack 0
  1091  007ADC                     start_initialization:
  1092                           	opt stack 0
  1093  007ADC                     __initialization:
  1094                           	opt stack 0
  1095                           
  1096                           ; Initialize objects allocated to BIGRAM (1024 bytes)
  1097                           ; load TBLPTR registers with __pidataBIGRAM
  1098  007ADC  0E00               	movlw	low __pidataBIGRAM
  1099  007ADE  6EF6               	movwf	tblptrl,c
  1100  007AE0  0E7C               	movlw	high __pidataBIGRAM
  1101  007AE2  6EF7               	movwf	tblptrh,c
  1102  007AE4  0E00               	movlw	low (__pidataBIGRAM shr (0+16))
  1103  007AE6  6EF8               	movwf	tblptru,c
  1104  007AE8  EE02  F000         	lfsr	0,__pdataBIGRAM
  1105  007AEC  EE14 F000          	lfsr	1,1024
  1106  007AF0                     copy_data0:
  1107  007AF0  0009               	tblrd		*+
  1108  007AF2  CFF5 FFEE          	movff	tablat,postinc0
  1109  007AF6  50E5               	movf	postdec1,w,c
  1110  007AF8  50E1               	movf	fsr1l,w,c
  1111  007AFA  E1FA               	bnz	copy_data0
  1112  007AFC  50E2               	movf	fsr1h,w,c
  1113  007AFE  E1F8               	bnz	copy_data0
  1114  007B00                     end_of_initialization:
  1115                           	opt stack 0
  1116  007B00                     __end_of__initialization:
  1117                           	opt stack 0
  1118  007B00  0100               	movlb	0
  1119  007B02  EF83  F03D         	goto	_main	;jump to C main() function
  1120                           tblptru	equ	0xFF8
  1121                           tblptrh	equ	0xFF7
  1122                           tblptrl	equ	0xFF6
  1123                           tablat	equ	0xFF5
  1124                           postinc0	equ	0xFEE
  1125                           postdec1	equ	0xFE5
  1126                           fsr1h	equ	0xFE2
  1127                           fsr1l	equ	0xFE1
  1128                           
  1129                           	psect	dataBIGRAM
  1130  000200                     __pdataBIGRAM:
  1131                           	opt stack 0
  1132  000200                     _a:
  1133                           	opt stack 0
  1134  000200                     	ds	1024
  1135                           tblptru	equ	0xFF8
  1136                           tblptrh	equ	0xFF7
  1137                           tblptrl	equ	0xFF6
  1138                           tablat	equ	0xFF5
  1139                           postinc0	equ	0xFEE
  1140                           postdec1	equ	0xFE5
  1141                           fsr1h	equ	0xFE2
  1142                           fsr1l	equ	0xFE1
  1143                           
  1144                           	psect	cstackCOMRAM
  1145  000001                     __pcstackCOMRAM:
  1146                           	opt stack 0
  1147  000001                     cmd@command:
  1148                           	opt stack 0
  1149  000001                     dat@data:
  1150                           	opt stack 0
  1151                           
  1152                           ; 1 bytes @ 0x0
  1153  000001                     	ds	1
  1154  000002                     ??_main:
  1155                           
  1156                           ; 1 bytes @ 0x1
  1157  000002                     	ds	2
  1158  000004                     main@l:
  1159                           	opt stack 0
  1160                           
  1161                           ; 2 bytes @ 0x3
  1162  000004                     	ds	2
  1163  000006                     main@n:
  1164                           	opt stack 0
  1165                           
  1166                           ; 2 bytes @ 0x5
  1167  000006                     	ds	2
  1168  000008                     main@k:
  1169                           	opt stack 0
  1170                           
  1171                           ; 2 bytes @ 0x7
  1172  000008                     	ds	2
  1173  00000A                     main@j:
  1174                           	opt stack 0
  1175                           
  1176                           ; 2 bytes @ 0x9
  1177  00000A                     	ds	2
  1178  00000C                     main@i:
  1179                           	opt stack 0
  1180                           
  1181                           ; 2 bytes @ 0xB
  1182  00000C                     	ds	2
  1183                           tblptru	equ	0xFF8
  1184                           tblptrh	equ	0xFF7
  1185                           tblptrl	equ	0xFF6
  1186                           tablat	equ	0xFF5
  1187                           postinc0	equ	0xFEE
  1188                           postdec1	equ	0xFE5
  1189                           fsr1h	equ	0xFE2
  1190                           fsr1l	equ	0xFE1
  1191                           
  1192 ;;
  1193 ;;Main: autosize = 0, tempsize = 2, incstack = 0, save=0
  1194 ;;
  1195 ;; *************** function _main *****************
  1196 ;; Defined at:
  1197 ;;		line 101 in file "GLCD_2.c"
  1198 ;; Parameters:    Size  Location     Type
  1199 ;;		None
  1200 ;; Auto vars:     Size  Location     Type
  1201 ;;  i               2   11[COMRAM] int 
  1202 ;;  j               2    9[COMRAM] int 
  1203 ;;  k               2    7[COMRAM] int 
  1204 ;;  n               2    5[COMRAM] int 
  1205 ;;  l               2    3[COMRAM] int 
  1206 ;; Return value:  Size  Location     Type
  1207 ;;                  1    wreg      void 
  1208 ;; Registers used:
  1209 ;;		wreg, fsr2l, fsr2h, status,2, status,0, cstack
  1210 ;; Tracked objects:
  1211 ;;		On entry : 0/0
  1212 ;;		On exit  : 0/0
  1213 ;;		Unchanged: 0/0
  1214 ;; Data sizes:     COMRAM   BANK0   BANK1   BANK2   BANK3   BANK4   BANK5
  1215 ;;      Params:         0       0       0       0       0       0       0
  1216 ;;      Locals:        10       0       0       0       0       0       0
  1217 ;;      Temps:          2       0       0       0       0       0       0
  1218 ;;      Totals:        12       0       0       0       0       0       0
  1219 ;;Total ram usage:       12 bytes
  1220 ;; Hardware stack levels required when called:    1
  1221 ;; This function calls:
  1222 ;;		_cmd
  1223 ;;		_dat
  1224 ;; This function is called by:
  1225 ;;		Startup code after reset
  1226 ;; This function uses a non-reentrant model
  1227 ;;
  1228                           
  1229                           	psect	text0
  1230  007B06                     __ptext0:
  1231                           	opt stack 0
  1232  007B06                     _main:
  1233                           	opt stack 30
  1234                           
  1235                           ;GLCD_2.c: 102: ANSELC=ANSELD=0;
  1236                           
  1237                           ;incstack = 0
  1238  007B06  0E00               	movlw	0
  1239  007B08  010F               	movlb	15	; () banked
  1240  007B0A  6F3B               	movwf	59,b	;volatile
  1241  007B0C  CF3B FF3A          	movff	3899,3898	;volatile
  1242                           
  1243                           ;GLCD_2.c: 103: TRISC=0X00;
  1244  007B10  0E00               	movlw	0
  1245  007B12  6E94               	movwf	3988,c	;volatile
  1246                           
  1247                           ;GLCD_2.c: 104: TRISD=0X00;
  1248  007B14  0E00               	movlw	0
  1249  007B16  6E95               	movwf	3989,c	;volatile
  1250                           
  1251                           ; BSR set to: 15
  1252                           ;GLCD_2.c: 105: int i,n,l,k,j;
  1253                           ;GLCD_2.c: 106: cmd(184);
  1254  007B18  0EB8               	movlw	184
  1255  007B1A  EC50  F03D         	call	_cmd
  1256                           
  1257                           ;GLCD_2.c: 107: cmd(0x40);
  1258  007B1E  0E40               	movlw	64
  1259  007B20  EC50  F03D         	call	_cmd
  1260                           
  1261                           ;GLCD_2.c: 108: cmd(0x3F);
  1262  007B24  0E3F               	movlw	63
  1263  007B26  EC50  F03D         	call	_cmd
  1264                           
  1265                           ;GLCD_2.c: 109: n=184;
  1266  007B2A  0E00               	movlw	0
  1267  007B2C  6E07               	movwf	main@n+1,c
  1268  007B2E  0EB8               	movlw	184
  1269  007B30  6E06               	movwf	main@n,c
  1270                           
  1271                           ;GLCD_2.c: 110: k=1;
  1272  007B32  0E00               	movlw	0
  1273  007B34  6E09               	movwf	main@k+1,c
  1274  007B36  0E01               	movlw	1
  1275  007B38  6E08               	movwf	main@k,c
  1276                           
  1277                           ;GLCD_2.c: 111: for(i=1;i<=1024;i++)
  1278  007B3A  0E00               	movlw	0
  1279  007B3C  6E0D               	movwf	main@i+1,c
  1280  007B3E  0E01               	movlw	1
  1281  007B40  6E0C               	movwf	main@i,c
  1282  007B42                     l748:
  1283  007B42  BE0D               	btfsc	main@i+1,7,c
  1284  007B44  D006               	goto	l752
  1285  007B46  040C               	decf	main@i,w,c
  1286  007B48  0E04               	movlw	4
  1287  007B4A  580D               	subwfb	main@i+1,w,c
  1288  007B4C  B0D8               	btfsc	status,0,c
  1289  007B4E  EF00  F000         	goto	start
  1290  007B52                     l752:
  1291                           
  1292                           ;GLCD_2.c: 112: {
  1293                           ;GLCD_2.c: 113: l=64*k;
  1294  007B52  C008  F002         	movff	main@k,??_main
  1295  007B56  C009  F003         	movff	main@k+1,??_main+1
  1296  007B5A  0E06               	movlw	6
  1297  007B5C                     u75:
  1298  007B5C  90D8               	bcf	status,0,c
  1299  007B5E  3602               	rlcf	??_main,f,c
  1300  007B60  3603               	rlcf	??_main+1,f,c
  1301  007B62  2EE8               	decfsz	wreg,f,c
  1302  007B64  D7FB               	goto	u75
  1303  007B66  C002  F004         	movff	??_main,main@l
  1304  007B6A  C003  F005         	movff	??_main+1,main@l+1
  1305                           
  1306                           ;GLCD_2.c: 114: if(i<=l)
  1307  007B6E  500C               	movf	main@i,w,c
  1308  007B70  5C04               	subwf	main@l,w,c
  1309  007B72  5005               	movf	main@l+1,w,c
  1310  007B74  0A80               	xorlw	128
  1311  007B76  6E02               	movwf	??_main& (0+255),c
  1312  007B78  500D               	movf	main@i+1,w,c
  1313  007B7A  0A80               	xorlw	128
  1314  007B7C  5802               	subwfb	??_main& (0+255),w,c
  1315  007B7E  A0D8               	btfss	status,0,c
  1316  007B80  D012               	goto	l27
  1317                           
  1318                           ;GLCD_2.c: 115: {
  1319                           ;GLCD_2.c: 116: PORTDbits.RD3=0;PORTDbits.RD2=1;
  1320  007B82  9683               	bcf	3971,3,c	;volatile
  1321  007B84  8483               	bsf	3971,2,c	;volatile
  1322                           
  1323                           ;GLCD_2.c: 117: j=i-1;
  1324  007B86  0EFF               	movlw	255
  1325  007B88  240C               	addwf	main@i,w,c
  1326  007B8A  6E0A               	movwf	main@j,c
  1327  007B8C  0EFF               	movlw	255
  1328  007B8E  200D               	addwfc	main@i+1,w,c
  1329  007B90  6E0B               	movwf	main@j+1,c
  1330                           
  1331                           ;GLCD_2.c: 118: dat(a[j]);
  1332  007B92  0E00               	movlw	low _a
  1333  007B94  240A               	addwf	main@j,w,c
  1334  007B96  6ED9               	movwf	fsr2l,c
  1335  007B98  0E02               	movlw	high _a
  1336  007B9A  200B               	addwfc	main@j+1,w,c
  1337  007B9C  6EDA               	movwf	fsr2h,c
  1338  007B9E  50DF               	movf	indf2,w,c
  1339  007BA0  EC5F  F03D         	call	_dat
  1340                           
  1341                           ;GLCD_2.c: 119: }
  1342  007BA4  D011               	goto	l764
  1343  007BA6                     l27:
  1344                           
  1345                           ;GLCD_2.c: 120: else
  1346                           ;GLCD_2.c: 121: {
  1347                           ;GLCD_2.c: 122: PORTDbits.RD3=1;PORTDbits.RD2=0;
  1348  007BA6  8683               	bsf	3971,3,c	;volatile
  1349  007BA8  9483               	bcf	3971,2,c	;volatile
  1350                           
  1351                           ;GLCD_2.c: 123: j=i-1;
  1352  007BAA  0EFF               	movlw	255
  1353  007BAC  240C               	addwf	main@i,w,c
  1354  007BAE  6E0A               	movwf	main@j,c
  1355  007BB0  0EFF               	movlw	255
  1356  007BB2  200D               	addwfc	main@i+1,w,c
  1357  007BB4  6E0B               	movwf	main@j+1,c
  1358                           
  1359                           ;GLCD_2.c: 124: dat(a[j]);
  1360  007BB6  0E00               	movlw	low _a
  1361  007BB8  240A               	addwf	main@j,w,c
  1362  007BBA  6ED9               	movwf	fsr2l,c
  1363  007BBC  0E02               	movlw	high _a
  1364  007BBE  200B               	addwfc	main@j+1,w,c
  1365  007BC0  6EDA               	movwf	fsr2h,c
  1366  007BC2  50DF               	movf	indf2,w,c
  1367  007BC4  EC5F  F03D         	call	_dat
  1368  007BC8                     l764:
  1369                           
  1370                           ;GLCD_2.c: 125: }
  1371                           ;GLCD_2.c: 126: if((i%128)==0)
  1372  007BC8  0E7F               	movlw	127
  1373  007BCA  140C               	andwf	main@i,w,c
  1374  007BCC  6E02               	movwf	??_main& (0+255),c
  1375  007BCE  0E00               	movlw	0
  1376  007BD0  140D               	andwf	main@i+1,w,c
  1377  007BD2  6E03               	movwf	(??_main+1)& (0+255),c
  1378  007BD4  5002               	movf	??_main,w,c
  1379  007BD6  1003               	iorwf	??_main+1,w,c
  1380  007BD8  A4D8               	btfss	status,2,c
  1381  007BDA  D00F               	goto	l772
  1382                           
  1383                           ;GLCD_2.c: 127: {
  1384                           ;GLCD_2.c: 128: n=n+1;
  1385  007BDC  0E01               	movlw	1
  1386  007BDE  2406               	addwf	main@n,w,c
  1387  007BE0  6E06               	movwf	main@n,c
  1388  007BE2  0E00               	movlw	0
  1389  007BE4  2007               	addwfc	main@n+1,w,c
  1390  007BE6  6E07               	movwf	main@n+1,c
  1391                           
  1392                           ;GLCD_2.c: 129: cmd(n);
  1393  007BE8  5006               	movf	main@n,w,c
  1394  007BEA  EC50  F03D         	call	_cmd
  1395                           
  1396                           ;GLCD_2.c: 130: k=k+2;
  1397  007BEE  0E02               	movlw	2
  1398  007BF0  2408               	addwf	main@k,w,c
  1399  007BF2  6E08               	movwf	main@k,c
  1400  007BF4  0E00               	movlw	0
  1401  007BF6  2009               	addwfc	main@k+1,w,c
  1402  007BF8  6E09               	movwf	main@k+1,c
  1403  007BFA                     l772:
  1404  007BFA  4A0C               	infsnz	main@i,f,c
  1405  007BFC  2A0D               	incf	main@i+1,f,c
  1406  007BFE  D7A1               	goto	l748
  1407  007C00                     __end_of_main:
  1408                           	opt stack 0
  1409                           tblptru	equ	0xFF8
  1410                           tblptrh	equ	0xFF7
  1411                           tblptrl	equ	0xFF6
  1412                           tablat	equ	0xFF5
  1413                           postinc0	equ	0xFEE
  1414                           wreg	equ	0xFE8
  1415                           postdec1	equ	0xFE5
  1416                           fsr1h	equ	0xFE2
  1417                           fsr1l	equ	0xFE1
  1418                           indf2	equ	0xFDF
  1419                           fsr2h	equ	0xFDA
  1420                           fsr2l	equ	0xFD9
  1421                           status	equ	0xFD8
  1422                           
  1423 ;; *************** function _dat *****************
  1424 ;; Defined at:
  1425 ;;		line 24 in file "GLCD_2.c"
  1426 ;; Parameters:    Size  Location     Type
  1427 ;;  data            1    wreg     unsigned char 
  1428 ;; Auto vars:     Size  Location     Type
  1429 ;;  data            1    0[COMRAM] unsigned char 
  1430 ;; Return value:  Size  Location     Type
  1431 ;;                  1    wreg      void 
  1432 ;; Registers used:
  1433 ;;		wreg
  1434 ;; Tracked objects:
  1435 ;;		On entry : 0/0
  1436 ;;		On exit  : 0/0
  1437 ;;		Unchanged: 0/0
  1438 ;; Data sizes:     COMRAM   BANK0   BANK1   BANK2   BANK3   BANK4   BANK5
  1439 ;;      Params:         0       0       0       0       0       0       0
  1440 ;;      Locals:         1       0       0       0       0       0       0
  1441 ;;      Temps:          0       0       0       0       0       0       0
  1442 ;;      Totals:         1       0       0       0       0       0       0
  1443 ;;Total ram usage:        1 bytes
  1444 ;; Hardware stack levels used:    1
  1445 ;; This function calls:
  1446 ;;		Nothing
  1447 ;; This function is called by:
  1448 ;;		_main
  1449 ;; This function uses a non-reentrant model
  1450 ;;
  1451                           
  1452                           	psect	text1
  1453  007ABE                     __ptext1:
  1454                           	opt stack 0
  1455  007ABE                     _dat:
  1456                           	opt stack 30
  1457                           
  1458                           ;incstack = 0
  1459                           ;dat@data stored from wreg
  1460  007ABE  6E01               	movwf	dat@data,c
  1461                           
  1462                           ;GLCD_2.c: 26: PORTC=data;
  1463  007AC0  C001  FF82         	movff	dat@data,3970	;volatile
  1464                           
  1465                           ;GLCD_2.c: 27: PORTDbits.RD0=1;
  1466  007AC4  8083               	bsf	3971,0,c	;volatile
  1467                           
  1468                           ;GLCD_2.c: 28: PORTDbits.RD1=1;
  1469  007AC6  8283               	bsf	3971,1,c	;volatile
  1470                           
  1471                           ;GLCD_2.c: 29: _delay((unsigned long)((50)*(16000000/4000000.0)));
  1472  007AC8  0E42               	movlw	66
  1473  007ACA                     u117:
  1474  007ACA  2EE8               	decfsz	wreg,f,c
  1475  007ACC  D7FE               	bra	u117
  1476  007ACE  D000               	nop2	
  1477                           
  1478                           ;GLCD_2.c: 30: PORTDbits.RD1=0;
  1479  007AD0  9283               	bcf	3971,1,c	;volatile
  1480                           
  1481                           ;GLCD_2.c: 31: _delay((unsigned long)((50)*(16000000/4000000.0)));
  1482  007AD2  0E42               	movlw	66
  1483  007AD4                     u127:
  1484  007AD4  2EE8               	decfsz	wreg,f,c
  1485  007AD6  D7FE               	bra	u127
  1486  007AD8  D000               	nop2	
  1487  007ADA  0012               	return		;funcret
  1488  007ADC                     __end_of_dat:
  1489                           	opt stack 0
  1490                           tblptru	equ	0xFF8
  1491                           tblptrh	equ	0xFF7
  1492                           tblptrl	equ	0xFF6
  1493                           tablat	equ	0xFF5
  1494                           postinc0	equ	0xFEE
  1495                           wreg	equ	0xFE8
  1496                           postdec1	equ	0xFE5
  1497                           fsr1h	equ	0xFE2
  1498                           fsr1l	equ	0xFE1
  1499                           indf2	equ	0xFDF
  1500                           fsr2h	equ	0xFDA
  1501                           fsr2l	equ	0xFD9
  1502                           status	equ	0xFD8
  1503                           
  1504 ;; *************** function _cmd *****************
  1505 ;; Defined at:
  1506 ;;		line 15 in file "GLCD_2.c"
  1507 ;; Parameters:    Size  Location     Type
  1508 ;;  command         1    wreg     unsigned char 
  1509 ;; Auto vars:     Size  Location     Type
  1510 ;;  command         1    0[COMRAM] unsigned char 
  1511 ;; Return value:  Size  Location     Type
  1512 ;;                  1    wreg      void 
  1513 ;; Registers used:
  1514 ;;		wreg
  1515 ;; Tracked objects:
  1516 ;;		On entry : 0/0
  1517 ;;		On exit  : 0/0
  1518 ;;		Unchanged: 0/0
  1519 ;; Data sizes:     COMRAM   BANK0   BANK1   BANK2   BANK3   BANK4   BANK5
  1520 ;;      Params:         0       0       0       0       0       0       0
  1521 ;;      Locals:         1       0       0       0       0       0       0
  1522 ;;      Temps:          0       0       0       0       0       0       0
  1523 ;;      Totals:         1       0       0       0       0       0       0
  1524 ;;Total ram usage:        1 bytes
  1525 ;; Hardware stack levels used:    1
  1526 ;; This function calls:
  1527 ;;		Nothing
  1528 ;; This function is called by:
  1529 ;;		_main
  1530 ;; This function uses a non-reentrant model
  1531 ;;
  1532                           
  1533                           	psect	text2
  1534  007AA0                     __ptext2:
  1535                           	opt stack 0
  1536  007AA0                     _cmd:
  1537                           	opt stack 30
  1538                           
  1539                           ;incstack = 0
  1540                           ;cmd@command stored from wreg
  1541  007AA0  6E01               	movwf	cmd@command,c
  1542                           
  1543                           ;GLCD_2.c: 17: PORTC=command;
  1544  007AA2  C001  FF82         	movff	cmd@command,3970	;volatile
  1545                           
  1546                           ;GLCD_2.c: 18: PORTDbits.RD0=0;
  1547  007AA6  9083               	bcf	3971,0,c	;volatile
  1548                           
  1549                           ;GLCD_2.c: 19: PORTDbits.RD1=1;
  1550  007AA8  8283               	bsf	3971,1,c	;volatile
  1551                           
  1552                           ;GLCD_2.c: 20: _delay((unsigned long)((50)*(16000000/4000000.0)));
  1553  007AAA  0E42               	movlw	66
  1554  007AAC                     u137:
  1555  007AAC  2EE8               	decfsz	wreg,f,c
  1556  007AAE  D7FE               	bra	u137
  1557  007AB0  D000               	nop2	
  1558                           
  1559                           ;GLCD_2.c: 21: PORTDbits.RD1=0;
  1560  007AB2  9283               	bcf	3971,1,c	;volatile
  1561                           
  1562                           ;GLCD_2.c: 22: _delay((unsigned long)((50)*(16000000/4000000.0)));
  1563  007AB4  0E42               	movlw	66
  1564  007AB6                     u147:
  1565  007AB6  2EE8               	decfsz	wreg,f,c
  1566  007AB8  D7FE               	bra	u147
  1567  007ABA  D000               	nop2	
  1568  007ABC  0012               	return		;funcret
  1569  007ABE                     __end_of_cmd:
  1570                           	opt stack 0
  1571  0000                     tblptru	equ	0xFF8
  1572                           tblptrh	equ	0xFF7
  1573                           tblptrl	equ	0xFF6
  1574                           tablat	equ	0xFF5
  1575                           postinc0	equ	0xFEE
  1576                           wreg	equ	0xFE8
  1577                           postdec1	equ	0xFE5
  1578                           fsr1h	equ	0xFE2
  1579                           fsr1l	equ	0xFE1
  1580                           indf2	equ	0xFDF
  1581                           fsr2h	equ	0xFDA
  1582                           fsr2l	equ	0xFD9
  1583                           status	equ	0xFD8
  1584                           tblptru	equ	0xFF8
  1585                           tblptrh	equ	0xFF7
  1586                           tblptrl	equ	0xFF6
  1587                           tablat	equ	0xFF5
  1588                           postinc0	equ	0xFEE
  1589                           wreg	equ	0xFE8
  1590                           postdec1	equ	0xFE5
  1591                           fsr1h	equ	0xFE2
  1592                           fsr1l	equ	0xFE1
  1593                           indf2	equ	0xFDF
  1594                           fsr2h	equ	0xFDA
  1595                           fsr2l	equ	0xFD9
  1596                           status	equ	0xFD8
  1597                           
  1598                           	psect	rparam
  1599  0000                     tblptru	equ	0xFF8
  1600                           tblptrh	equ	0xFF7
  1601                           tblptrl	equ	0xFF6
  1602                           tablat	equ	0xFF5
  1603                           postinc0	equ	0xFEE
  1604                           wreg	equ	0xFE8
  1605                           postdec1	equ	0xFE5
  1606                           fsr1h	equ	0xFE2
  1607                           fsr1l	equ	0xFE1
  1608                           indf2	equ	0xFDF
  1609                           fsr2h	equ	0xFDA
  1610                           fsr2l	equ	0xFD9
  1611                           status	equ	0xFD8


Data Sizes:
    Strings     0
    Constant    0
    Data        1024
    BSS         0
    Persistent  0
    Stack       0

Auto Spaces:
    Space          Size  Autos    Used
    COMRAM           95     13      13
    BANK0           160      0       0
    BANK1           256      0       0
    BANK2           256      0       0
    BANK3           256      0       0
    BANK4           256      0       0
    BANK5           256      0       0

Pointer List with Targets:

    None.

Critical Paths under _main in COMRAM

    _main->_cmd
    _main->_dat

Critical Paths under _main in BANK0

    None.

Critical Paths under _main in BANK1

    None.

Critical Paths under _main in BANK2

    None.

Critical Paths under _main in BANK3

    None.

Critical Paths under _main in BANK4

    None.

Critical Paths under _main in BANK5

    None.

Call Graph Tables:

 ---------------------------------------------------------------------------------
 (Depth) Function   	        Calls       Base Space   Used Autos Params    Refs
 ---------------------------------------------------------------------------------
 (0) _main                                                12    12      0     339
                                              1 COMRAM    12    12      0
                                _cmd
                                _dat
 ---------------------------------------------------------------------------------
 (1) _dat                                                  1     1      0      22
                                              0 COMRAM     1     1      0
 ---------------------------------------------------------------------------------
 (1) _cmd                                                  1     1      0      22
                                              0 COMRAM     1     1      0
 ---------------------------------------------------------------------------------
 Estimated maximum stack depth 1
 ---------------------------------------------------------------------------------

 Call Graph Graphs:

 _main (ROOT)
   _cmd
   _dat

 Address spaces:
Name               Size   Autos  Total    Cost      Usage
BIGRAM             5FF      0     400      16       66.7%
EEDATA             100      0       0       0        0.0%
BITBANK5           100      0       0      14        0.0%
BANK5              100      0       0      15        0.0%
BITBANK4           100      0       0      12        0.0%
BANK4              100      0       0      13        0.0%
BITBANK3           100      0       0      10        0.0%
BANK3              100      0       0      11        0.0%
BITBANK2           100      0       0       7        0.0%
BANK2              100      0       0       8        0.0%
BITBANK1           100      0       0       5        0.0%
BANK1              100      0       0       6        0.0%
BITBANK0            A0      0       0       3        0.0%
BANK0               A0      0       0       4        0.0%
BITCOMRAM           5F      0       0       0        0.0%
COMRAM              5F      D       D       1       13.7%
BITSFR_1             0      0       0     200        0.0%
SFR_1                0      0       0     200        0.0%
BITSFR               0      0       0     200        0.0%
SFR                  0      0       0     200        0.0%
STACK                0      0       0       2        0.0%
NULL                 0      0       0       0        0.0%
ABS                  0      0       D       9        0.0%
DATA                 0      0     40D      17        0.0%
CODE                 0      0       0       0        0.0%


Microchip Technology PIC18 Macro Assembler V1.41 build -162212810 
Symbol Table                                                                                   Fri Jan 05 12:00:59 2018

                      _a 0200                       l27 7BA6                       u75 7B5C  
                    l752 7B52                      l772 7BFA                      l764 7BC8  
                    l748 7B42                      u117 7ACA                      u127 7AD4  
                    u137 7AAC                      u147 7AB6                      _dat 7ABE  
                    _cmd 7AA0                      wreg 000FE8                     ?_dat 0001  
                   ?_cmd 0001                     _main 7B06                     fsr1h 000FE2  
                   indf2 000FDF                     fsr1l 000FE1                     fsr2l 000FD9  
                   start 0000             ___param_bank 000000                    ??_dat 0001  
                  ??_cmd 0001                    ?_main 0001                    _PORTC 000F82  
                  _TRISC 000F94                    _TRISD 000F95                    main@i 000C  
                  main@j 000A                    main@k 0008                    main@l 0004  
                  main@n 0006                    tablat 000FF5                    status 000FD8  
        __initialization 7ADC             __end_of_main 7C00                   ??_main 0002  
          __activetblptr 000000                   _ANSELC 000F3A                   _ANSELD 000F3B  
           __pdataBIGRAM 0200                   tblptrh 000FF7                   tblptrl 000FF6  
                 tblptru 000FF8               __accesstop 0060  __end_of__initialization 7B00  
          ___rparam_used 000001           __pcstackCOMRAM 0001               cmd@command 0001  
                __Hparam 0000                  __Lparam 0000                  __pcinit 7ADC  
                __ramtop 0600                  __ptext0 7B06                  __ptext1 7ABE  
                __ptext2 7AA0                  dat@data 0001             __size_of_dat 001E  
           __size_of_cmd 001E     end_of_initialization 7B00                  postdec1 000FE5  
                postinc0 000FEE                _PORTDbits 000F83            __pidataBIGRAM 7C00  
    start_initialization 7ADC              __end_of_dat 7ADC              __end_of_cmd 7ABE  
              copy_data0 7AF0                 __Hrparam 0000                 __Lrparam 0000  
          __size_of_main 00FA  
